<?xml version="1.0" encoding="UTF-8"?>
<!-- Generated by org.testng.reporters.JUnitXMLReporter -->
<testsuite ignored="0" hostname="LAPTOP-NPEQ6NRP" failures="0" tests="4" name="Default test" time="13.205" errors="0" timestamp="2026-06-09T16:05:15 IST">
  <testcase classname="api.tests.UserTest" name="testCreateUser" time="5.011"/>
  <testcase classname="api.tests.UserTest" name="testgetUserByName" time="1.61"/>
  <testcase classname="api.tests.UserTest" name="testUpdateUserByName" time="3.107"/>
  <testcase classname="api.tests.UserTest" name="testDeleteUserByName" time="2.923"/>
</testsuite> <!-- Default test -->
