<?xml version="1.0" encoding="UTF-8"?>
<testng-results ignored="0" total="4" passed="4" failed="0" skipped="0">
  <reporter-output>
  </reporter-output>
  <suite started-at="2026-06-09T16:05:01 IST" name="Default suite" finished-at="2026-06-09T16:05:15 IST" duration-ms="13205">
    <groups>
    </groups>
    <test started-at="2026-06-09T16:05:01 IST" name="Default test" finished-at="2026-06-09T16:05:15 IST" duration-ms="13205">
      <class name="api.tests.UserTest">
        <test-method is-config="true" signature="setupData()[pri:0, instance:api.tests.UserTest@5656be13]" started-at="2026-06-09T16:05:01 IST" name="setupData" finished-at="2026-06-09T16:05:02 IST" duration-ms="460" status="PASS">
          <reporter-output>
          </reporter-output>
        </test-method> <!-- setupData -->
        <test-method signature="testCreateUser()[pri:1, instance:api.tests.UserTest@5656be13]" started-at="2026-06-09T16:05:02 IST" name="testCreateUser" finished-at="2026-06-09T16:05:07 IST" duration-ms="5011" status="PASS">
          <reporter-output>
          </reporter-output>
        </test-method> <!-- testCreateUser -->
        <test-method signature="testgetUserByName()[pri:2, instance:api.tests.UserTest@5656be13]" started-at="2026-06-09T16:05:07 IST" name="testgetUserByName" finished-at="2026-06-09T16:05:09 IST" duration-ms="1610" status="PASS">
          <reporter-output>
          </reporter-output>
        </test-method> <!-- testgetUserByName -->
        <test-method signature="testUpdateUserByName()[pri:3, instance:api.tests.UserTest@5656be13]" started-at="2026-06-09T16:05:09 IST" name="testUpdateUserByName" finished-at="2026-06-09T16:05:12 IST" duration-ms="3107" status="PASS">
          <reporter-output>
          </reporter-output>
        </test-method> <!-- testUpdateUserByName -->
        <test-method signature="testDeleteUserByName()[pri:4, instance:api.tests.UserTest@5656be13]" started-at="2026-06-09T16:05:12 IST" name="testDeleteUserByName" finished-at="2026-06-09T16:05:15 IST" duration-ms="2923" status="PASS">
          <reporter-output>
          </reporter-output>
        </test-method> <!-- testDeleteUserByName -->
      </class> <!-- api.tests.UserTest -->
    </test> <!-- Default test -->
  </suite> <!-- Default suite -->
</testng-results>
