<?xml version="1.0" encoding="UTF-8"?>
<testng-results ignored="0" total="4" passed="4" failed="0" skipped="0">
  <reporter-output>
  </reporter-output>
  <suite started-at="2026-06-11T18:48:59 IST" name="Suite" finished-at="2026-06-11T18:49:11 IST" duration-ms="11887">
    <groups>
    </groups>
    <test started-at="2026-06-11T18:48:59 IST" name="Test" finished-at="2026-06-11T18:49:11 IST" duration-ms="11887">
      <class name="api.tests.UserTest">
        <test-method is-config="true" signature="setupData()[pri:0, instance:api.tests.UserTest@5656be13]" started-at="2026-06-11T18:48:59 IST" name="setupData" finished-at="2026-06-11T18:48:59 IST" duration-ms="487" status="PASS">
          <reporter-output>
          </reporter-output>
        </test-method> <!-- setupData -->
        <test-method signature="testCreateUser()[pri:1, instance:api.tests.UserTest@5656be13]" started-at="2026-06-11T18:48:59 IST" name="testCreateUser" finished-at="2026-06-11T18:49:05 IST" duration-ms="5426" status="PASS">
          <reporter-output>
          </reporter-output>
        </test-method> <!-- testCreateUser -->
        <test-method signature="testgetUserByName()[pri:2, instance:api.tests.UserTest@5656be13]" started-at="2026-06-11T18:49:05 IST" name="testgetUserByName" finished-at="2026-06-11T18:49:06 IST" duration-ms="1216" status="PASS">
          <reporter-output>
          </reporter-output>
        </test-method> <!-- testgetUserByName -->
        <test-method signature="testUpdateUserByName()[pri:3, instance:api.tests.UserTest@5656be13]" started-at="2026-06-11T18:49:06 IST" name="testUpdateUserByName" finished-at="2026-06-11T18:49:08 IST" duration-ms="2327" status="PASS">
          <reporter-output>
          </reporter-output>
        </test-method> <!-- testUpdateUserByName -->
        <test-method signature="testDeleteUserByName()[pri:4, instance:api.tests.UserTest@5656be13]" started-at="2026-06-11T18:49:08 IST" name="testDeleteUserByName" finished-at="2026-06-11T18:49:11 IST" duration-ms="2320" status="PASS">
          <reporter-output>
          </reporter-output>
        </test-method> <!-- testDeleteUserByName -->
      </class> <!-- api.tests.UserTest -->
    </test> <!-- Test -->
  </suite> <!-- Suite -->
</testng-results>
