<?xml version="1.0" encoding="UTF-8"?>
<!-- Generated by org.testng.reporters.JUnitReportReporter -->
<testsuite hostname="LAPTOP-NPEQ6NRP" failures="0" tests="4" name="api.tests.UserTest" time="12.651" errors="0" timestamp="2026-06-09T16:05:15 IST" skipped="0">
  <testcase classname="api.tests.UserTest" name="testCreateUser" time="5.011"/>
  <testcase classname="api.tests.UserTest" name="testgetUserByName" time="1.610"/>
  <testcase classname="api.tests.UserTest" name="testUpdateUserByName" time="3.107"/>
  <testcase classname="api.tests.UserTest" name="testDeleteUserByName" time="2.923"/>
</testsuite> <!-- api.tests.UserTest -->
