<?xml version="1.0" encoding="UTF-8"?>
<!-- Generated by org.testng.reporters.JUnitReportReporter -->
<testsuite hostname="LAPTOP-NPEQ6NRP" failures="0" tests="4" name="api.tests.UserTest" time="11.289" errors="0" timestamp="2026-06-11T18:49:11 IST" skipped="0">
  <testcase classname="api.tests.UserTest" name="testCreateUser" time="5.426"/>
  <testcase classname="api.tests.UserTest" name="testgetUserByName" time="1.216"/>
  <testcase classname="api.tests.UserTest" name="testUpdateUserByName" time="2.327"/>
  <testcase classname="api.tests.UserTest" name="testDeleteUserByName" time="2.320"/>
</testsuite> <!-- api.tests.UserTest -->
